0 info it worked if it ends with ok
1 verbose cli [ '/usr/local/bin/node',
1 verbose cli   '/usr/local/bin/npm',
1 verbose cli   'run',
1 verbose cli   'start-dev' ]
2 info using npm@3.7.2
3 info using node@v5.6.0
4 verbose run-script [ 'prestart-dev', 'start-dev', 'poststart-dev' ]
5 info lifecycle react-tutorial@0.0.0~prestart-dev: react-tutorial@0.0.0
6 silly lifecycle react-tutorial@0.0.0~prestart-dev: no script for prestart-dev, continuing
7 info lifecycle react-tutorial@0.0.0~start-dev: react-tutorial@0.0.0
8 verbose lifecycle react-tutorial@0.0.0~start-dev: unsafe-perm in lifecycle true
9 verbose lifecycle react-tutorial@0.0.0~start-dev: PATH: /usr/local/lib/node_modules/npm/bin/node-gyp-bin:/Users/mr96763/Documents/react_stuff/tutorial/node_modules/.bin:/usr/local/bin:/usr/local/bin:/usr/bin:/bin:/usr/sbin:/sbin
10 verbose lifecycle react-tutorial@0.0.0~start-dev: CWD: /Users/mr96763/Documents/react_stuff/tutorial
11 silly lifecycle react-tutorial@0.0.0~start-dev: Args: [ '-c', 'parallelshell \'nodemon server.js\' \'gulp build\'' ]
12 silly lifecycle react-tutorial@0.0.0~start-dev: Returned: code: 1  signal: null
13 info lifecycle react-tutorial@0.0.0~start-dev: Failed to exec start-dev script
14 verbose stack Error: react-tutorial@0.0.0 start-dev: `parallelshell 'nodemon server.js' 'gulp build'`
14 verbose stack Exit status 1
14 verbose stack     at EventEmitter.<anonymous> (/usr/local/lib/node_modules/npm/lib/utils/lifecycle.js:239:16)
14 verbose stack     at emitTwo (events.js:100:13)
14 verbose stack     at EventEmitter.emit (events.js:185:7)
14 verbose stack     at ChildProcess.<anonymous> (/usr/local/lib/node_modules/npm/lib/utils/spawn.js:24:14)
14 verbose stack     at emitTwo (events.js:100:13)
14 verbose stack     at ChildProcess.emit (events.js:185:7)
14 verbose stack     at maybeClose (internal/child_process.js:827:16)
14 verbose stack     at Process.ChildProcess._handle.onexit (internal/child_process.js:211:5)
15 verbose pkgid react-tutorial@0.0.0
16 verbose cwd /Users/mr96763/Documents/react_stuff/tutorial
17 error Darwin 14.5.0
18 error argv "/usr/local/bin/node" "/usr/local/bin/npm" "run" "start-dev"
19 error node v5.6.0
20 error npm  v3.7.2
21 error code ELIFECYCLE
22 error react-tutorial@0.0.0 start-dev: `parallelshell 'nodemon server.js' 'gulp build'`
22 error Exit status 1
23 error Failed at the react-tutorial@0.0.0 start-dev script 'parallelshell 'nodemon server.js' 'gulp build''.
23 error Make sure you have the latest version of node.js and npm installed.
23 error If you do, this is most likely a problem with the react-tutorial package,
23 error not with npm itself.
23 error Tell the author that this fails on your system:
23 error     parallelshell 'nodemon server.js' 'gulp build'
23 error You can get information on how to open an issue for this project with:
23 error     npm bugs react-tutorial
23 error Or if that isn't available, you can get their info via:
23 error     npm owner ls react-tutorial
23 error There is likely additional logging output above.
24 verbose exit [ 1, true ]
